#-----------------------------------------------------------
# PlanAhead v14.6 (64-bit)
# Build 269223 by xbuild on Wed Jun  5 11:07:37 MDT 2013
# Start of session at: Sat Mar 16 15:36:52 2019
# Process ID: 15772
# Log file: /home/jan/Projekte/RFStuff/FPGA/ADC/planAhead_run_3/planAhead.log
# Journal file: /home/jan/Projekte/RFStuff/FPGA/ADC/planAhead_run_3/planAhead.jou
#-----------------------------------------------------------
INFO: [Common 17-78] Attempting to get a license: PlanAhead
INFO: [Common 17-290] Got license for PlanAhead
INFO: [Device 21-36] Loading parts and site information from /opt/Xilinx/14.6/ISE_DS/PlanAhead/data/parts/arch.xml
Parsing RTL primitives file [/opt/Xilinx/14.6/ISE_DS/PlanAhead/data/parts/xilinx/rtl/prims/rtl_prims.xml]
Finished parsing RTL primitives file [/opt/Xilinx/14.6/ISE_DS/PlanAhead/data/parts/xilinx/rtl/prims/rtl_prims.xml]
start_gui
source /home/jan/Projekte/RFStuff/FPGA/ADC/pa.fromNetlist.tcl
# create_project -name ADC -dir "/home/jan/Projekte/RFStuff/FPGA/ADC/planAhead_run_5" -part xc6slx9tqg144-3
# set_property design_mode GateLvl [get_property srcset [current_run -impl]]
# set_property edif_top_file "/home/jan/Projekte/RFStuff/FPGA/ADC/IF_analysis.ngc" [ get_property srcset [ current_run ] ]
# add_files -norecurse { {/home/jan/Projekte/RFStuff/FPGA/ADC} {ipcore_dir} }
# add_files [list {ipcore_dir/WindowingMult.ncf}] -fileset [get_property constrset [current_run]]
# add_files [list {ipcore_dir/spi.ncf}] -fileset [get_property constrset [current_run]]
# add_files [list {ipcore_dir/mult.ncf}] -fileset [get_property constrset [current_run]]
# set_property target_constrs_file "IF_analysis.ucf" [current_fileset -constrset]
Adding file '/home/jan/Projekte/RFStuff/FPGA/ADC/IF_analysis.ucf' to fileset 'constrs_1'
# add_files [list {IF_analysis.ucf}] -fileset [get_property constrset [current_run]]
# link_design
Design is defaulting to srcset: sources_1
Design is defaulting to constrset: constrs_1
Design is defaulting to project part: xc6slx9tqg144-3
Release 14.6 - ngc2edif P.68d (lin64)
Copyright (c) 1995-2013 Xilinx, Inc.  All rights reserved.

Release 14.6 - ngc2edif P.68d (lin64)
Copyright (c) 1995-2013 Xilinx, Inc.  All rights reserved.
Reading design IF_analysis.ngc ...
WARNING:NetListWriters:298 - No output is written to IF_analysis.xncf, ignored.
Processing design ...
   Preping design's networks ...
   Preping design's macros ...
WARNING:NetListWriters:306 - Signal bus FFT/Result<31 : 0> on block IF_analysis
   is not reconstructed, because there are some missing bus signals.
  finished :Prep
Writing EDIF netlist file IF_analysis.edif ...
ngc2edif: Total memory usage is 106684 kilobytes

Parsing EDIF File [./planAhead_run_5/ADC.data/cache/IF_analysis_ngc_2583bf82.edif]
Finished Parsing EDIF File [./planAhead_run_5/ADC.data/cache/IF_analysis_ngc_2583bf82.edif]
Release 14.6 - ngc2edif P.68d (lin64)
Copyright (c) 1995-2013 Xilinx, Inc.  All rights reserved.

Release 14.6 - ngc2edif P.68d (lin64)
Copyright (c) 1995-2013 Xilinx, Inc.  All rights reserved.
Reading design spi.ngc ...
WARNING:NetListWriters:298 - No output is written to spi.xncf, ignored.
Processing design ...
   Preping design's networks ...
   Preping design's macros ...
  finished :Prep
Writing EDIF netlist file spi.edif ...
ngc2edif: Total memory usage is 104240 kilobytes

Reading core file '/home/jan/Projekte/RFStuff/FPGA/ADC/ipcore_dir/spi.ngc' for (cell view 'spi', library 'IF_analysis_lib', file 'IF_analysis.ngc')
Parsing EDIF File [./planAhead_run_5/ADC.data/cache/spi_ngc_37895939.edif]
Finished Parsing EDIF File [./planAhead_run_5/ADC.data/cache/spi_ngc_37895939.edif]
Release 14.6 - ngc2edif P.68d (lin64)
Copyright (c) 1995-2013 Xilinx, Inc.  All rights reserved.

Release 14.6 - ngc2edif P.68d (lin64)
Copyright (c) 1995-2013 Xilinx, Inc.  All rights reserved.
Reading design WindowingMult.ngc ...
WARNING:NetListWriters:298 - No output is written to WindowingMult.xncf,
   ignored.
Processing design ...
   Preping design's networks ...
   Preping design's macros ...
  finished :Prep
Writing EDIF netlist file WindowingMult.edif ...
ngc2edif: Total memory usage is 104212 kilobytes

Release 14.6 - ngc2edif P.68d (lin64)
Copyright (c) 1995-2013 Xilinx, Inc.  All rights reserved.

Release 14.6 - ngc2edif P.68d (lin64)
Copyright (c) 1995-2013 Xilinx, Inc.  All rights reserved.
Reading design WindowingMult.ngc ...
WARNING:NetListWriters:298 - No output is written to WindowingMult.xncf,
   ignored.
Processing design ...
   Preping design's networks ...
   Preping design's macros ...
  finished :Prep
Writing EDIF netlist file WindowingMult.edif ...
ngc2edif: Total memory usage is 104212 kilobytes

Reading core file '/home/jan/Projekte/RFStuff/FPGA/ADC/ipcore_dir/WindowingMult.ngc' for (cell view 'WindowingMult', library 'IF_analysis_lib', file 'IF_analysis.ngc')
Parsing EDIF File [./.Xil/PlanAhead-15772-jan-desktop/ngc2edif/WindowingMult.edif]
Finished Parsing EDIF File [./.Xil/PlanAhead-15772-jan-desktop/ngc2edif/WindowingMult.edif]
WARNING: [Netlist 29-43] Netlist 'IF_analysis' is not ideal for floorplanning, since the cellview 'IF_analysis' defined in file 'IF_analysis.ngc' contains large number of primitives.  Please consider enabling hierarchy in synthesis if you want to do floorplanning.
Loading clock regions from /opt/Xilinx/14.6/ISE_DS/PlanAhead/data/parts/xilinx/spartan6/spartan6lx/xc6slx9/ClockRegion.xml
Loading clock buffers from /opt/Xilinx/14.6/ISE_DS/PlanAhead/data/parts/xilinx/spartan6/spartan6lx/xc6slx9/ClockBuffers.xml
INFO: [Common 17-41] Interrupt caught. Command should exit soon.
Loading package pin functions from /opt/Xilinx/14.6/ISE_DS/PlanAhead/data/parts/xilinx/spartan6/PinFunctions.xml...
Loading package from /opt/Xilinx/14.6/ISE_DS/PlanAhead/data/parts/xilinx/spartan6/spartan6lx/xc6slx9/tqg144/Package.xml
Loading io standards from /opt/Xilinx/14.6/ISE_DS/PlanAhead/data/./parts/xilinx/spartan6/IOStandards.xml
Loading device configuration modes from /opt/Xilinx/14.6/ISE_DS/PlanAhead/data/parts/xilinx/spartan6/ConfigModes.xml
Loading list of drcs for the architecture : /opt/Xilinx/14.6/ISE_DS/PlanAhead/data/./parts/xilinx/spartan6/drc.xml
link_design: Time (s): cpu = 00:00:08 ; elapsed = 00:00:07 . Memory (MB): peak = 2855.637 ; gain = 126.840
INFO: [Common 17-344] 'link_design' was cancelled
INFO: [Common 17-344] 'source' was cancelled
exit
ERROR: [#UNDEF] *** Exception: ui.h.b: Found deleted key in HTclEventBroker. Verify if the classes listed here call cleanup()
HTclEvent: DEBUG_PORT_CONFIG_CHANGE   Classes: ui.views.aR 
HTclEvent: SIGNAL_MODIFY   Classes: ui.views.aR 
HTclEvent: SIGNAL_BUS_MODIFY   Classes: ui.views.aR 
HTclEvent: DEBUG_CORE_CONFIG_CHANGE   Classes: ui.views.aR 
 (See /home/jan/Projekte/RFStuff/FPGA/ADC/planAhead_pid15772.debug)
ERROR: [Common 17-39] 'stop_gui' failed due to earlier errors.
INFO: [Common 17-206] Exiting PlanAhead at Sat Mar 16 15:37:21 2019...
INFO: [Common 17-83] Releasing license: PlanAhead
