ISim log file
Running: /home/jan/Projekte/RFStuff/FPGA/ADC/FFT_test_isim_beh.exe -intstyle ise -gui -tclbatch isim.cmd -wdb /home/jan/Projekte/RFStuff/FPGA/ADC/FFT_test_isim_beh.wdb 
ISim P.68d (signature 0xfbc00daa)
WARNING: A WEBPACK license was found.
WARNING: Please use Xilinx License Configuration Manager to check out a full ISim license.
WARNING: ISim will run in Lite mode. Please refer to the ISim documentation for more information on the differences between the Lite and the Full version.
This is a Lite version of ISim.
Time resolution is 1 ps
# onerror resume
# wave add /
# run 1000 ns
Simulator is doing circuit initialization process.
Finished circuit initialization process.
at 0 ps, Instance /fft_test/uut/windowing_mult/U0/ : Warning: There is an 'U'|'X'|'W'|'Z'|'-' in an arithmetic operand, the result will be 'X'(es).
# restart
# run all
Simulator is doing circuit initialization process.
Finished circuit initialization process.
Stopped at time : 10458980 ns : File "/home/jan/Projekte/RFStuff/FPGA/ADC/FFT_test.vhd" Line 100
# restart
# run 1.00us
Simulator is doing circuit initialization process.
Finished circuit initialization process.
# restart
# run 1.00us
Simulator is doing circuit initialization process.
Finished circuit initialization process.
# exit 0
