Release 14.6 - ngc2edif P.68d (lin64)
Copyright (c) 1995-2013 Xilinx, Inc.  All rights reserved.
Reading design WindowingMult.ngc ...
WARNING:NetListWriters:298 - No output is written to WindowingMult.xncf,
   ignored.
Processing design ...
   Preping design's networks ...
   Preping design's macros ...
  finished :Prep
Writing EDIF netlist file WindowingMult.edif ...
ngc2edif: Total memory usage is 104176 kilobytes

Release 14.6 - ngc2edif P.68d (lin64)
Copyright (c) 1995-2013 Xilinx, Inc.  All rights reserved.
Reading design spi.ngc ...
WARNING:NetListWriters:298 - No output is written to spi.xncf, ignored.
Processing design ...
   Preping design's networks ...
   Preping design's macros ...
  finished :Prep
Writing EDIF netlist file spi.edif ...
ngc2edif: Total memory usage is 104240 kilobytes

Release 14.6 - ngc2edif P.68d (lin64)
Copyright (c) 1995-2013 Xilinx, Inc.  All rights reserved.
Reading design WindowingMult.ngc ...
WARNING:NetListWriters:298 - No output is written to WindowingMult.xncf,
   ignored.
Processing design ...
   Preping design's networks ...
   Preping design's macros ...
  finished :Prep
Writing EDIF netlist file WindowingMult.edif ...
ngc2edif: Total memory usage is 104176 kilobytes

Release 14.6 - ngc2edif P.68d (lin64)
Copyright (c) 1995-2013 Xilinx, Inc.  All rights reserved.
Reading design spi.ngc ...
WARNING:NetListWriters:298 - No output is written to spi.xncf, ignored.
Processing design ...
   Preping design's networks ...
   Preping design's macros ...
  finished :Prep
Writing EDIF netlist file spi.edif ...
ngc2edif: Total memory usage is 104240 kilobytes

